2025-08-16T08:16:47.543+05:30  INFO 2832 --- [PaymentService] [restartedMain] [                                                 ] com.wipro.PaymentServiceApplication      : Starting PaymentServiceApplication using Java 21.0.7 with PID 2832 (D:\Training\FoodDeliveryApp\PaymentService\target\classes started by vinay in D:\Training\FoodDeliveryApp\PaymentService)
2025-08-16T08:16:47.553+05:30  INFO 2832 --- [PaymentService] [restartedMain] [                                                 ] com.wipro.PaymentServiceApplication      : No active profile set, falling back to 1 default profile: "default"
2025-08-16T08:16:47.665+05:30  INFO 2832 --- [PaymentService] [restartedMain] [                                                 ] .e.DevToolsPropertyDefaultsPostProcessor : Devtools property defaults active! Set 'spring.devtools.add-properties' to 'false' to disable
2025-08-16T08:16:47.667+05:30  INFO 2832 --- [PaymentService] [restartedMain] [                                                 ] .e.DevToolsPropertyDefaultsPostProcessor : For additional web related logging consider setting the 'logging.level.web' property to 'DEBUG'
2025-08-16T08:16:50.323+05:30  INFO 2832 --- [PaymentService] [restartedMain] [                                                 ] .s.d.r.c.RepositoryConfigurationDelegate : Bootstrapping Spring Data JPA repositories in DEFAULT mode.
2025-08-16T08:16:50.753+05:30  INFO 2832 --- [PaymentService] [restartedMain] [                                                 ] .s.d.r.c.RepositoryConfigurationDelegate : Finished Spring Data repository scanning in 410 ms. Found 1 JPA repository interface.
2025-08-16T08:16:51.179+05:30  INFO 2832 --- [PaymentService] [restartedMain] [                                                 ] o.s.cloud.context.scope.GenericScope     : BeanFactory id=740db014-ee8e-33e8-b26a-02c4efc99d07
2025-08-16T08:16:52.732+05:30  INFO 2832 --- [PaymentService] [restartedMain] [                                                 ] o.s.b.w.embedded.tomcat.TomcatWebServer  : Tomcat initialized with port 9990 (http)
2025-08-16T08:16:52.759+05:30  INFO 2832 --- [PaymentService] [restartedMain] [                                                 ] o.apache.catalina.core.StandardService   : Starting service [Tomcat]
2025-08-16T08:16:52.761+05:30  INFO 2832 --- [PaymentService] [restartedMain] [                                                 ] o.apache.catalina.core.StandardEngine    : Starting Servlet engine: [Apache Tomcat/10.1.43]
2025-08-16T08:16:52.869+05:30  INFO 2832 --- [PaymentService] [restartedMain] [                                                 ] o.a.c.c.C.[Tomcat].[localhost].[/]       : Initializing Spring embedded WebApplicationContext
2025-08-16T08:16:52.871+05:30  INFO 2832 --- [PaymentService] [restartedMain] [                                                 ] w.s.c.ServletWebServerApplicationContext : Root WebApplicationContext: initialization completed in 5202 ms
2025-08-16T08:16:55.067+05:30  INFO 2832 --- [PaymentService] [restartedMain] [                                                 ] o.hibernate.jpa.internal.util.LogHelper  : HHH000204: Processing PersistenceUnitInfo [name: default]
2025-08-16T08:16:55.160+05:30  INFO 2832 --- [PaymentService] [restartedMain] [                                                 ] org.hibernate.Version                    : HHH000412: Hibernate ORM core version 6.6.22.Final
2025-08-16T08:16:55.234+05:30  INFO 2832 --- [PaymentService] [restartedMain] [                                                 ] o.h.c.internal.RegionFactoryInitiator    : HHH000026: Second-level cache disabled
2025-08-16T08:16:55.782+05:30  INFO 2832 --- [PaymentService] [restartedMain] [                                                 ] o.s.o.j.p.SpringPersistenceUnitInfo      : No LoadTimeWeaver setup: ignoring JPA class transformer
2025-08-16T08:16:55.880+05:30  INFO 2832 --- [PaymentService] [restartedMain] [                                                 ] com.zaxxer.hikari.HikariDataSource       : HikariPool-1 - Starting...
2025-08-16T08:16:56.502+05:30  INFO 2832 --- [PaymentService] [restartedMain] [                                                 ] com.zaxxer.hikari.pool.HikariPool        : HikariPool-1 - Added connection com.mysql.cj.jdbc.ConnectionImpl@488bf258
2025-08-16T08:16:56.506+05:30  INFO 2832 --- [PaymentService] [restartedMain] [                                                 ] com.zaxxer.hikari.HikariDataSource       : HikariPool-1 - Start completed.
2025-08-16T08:16:56.653+05:30  WARN 2832 --- [PaymentService] [restartedMain] [                                                 ] org.hibernate.orm.deprecation            : HHH90000025: MySQLDialect does not need to be specified explicitly using 'hibernate.dialect' (remove the property setting and it will be selected by default)
2025-08-16T08:16:56.682+05:30  INFO 2832 --- [PaymentService] [restartedMain] [                                                 ] org.hibernate.orm.connections.pooling    : HHH10001005: Database info:
	Database JDBC URL [Connecting through datasource 'HikariDataSource (HikariPool-1)']
	Database driver: undefined/unknown
	Database version: 8.0.43
	Autocommit mode: undefined/unknown
	Isolation level: undefined/unknown
	Minimum pool size: undefined/unknown
	Maximum pool size: undefined/unknown
2025-08-16T08:16:58.086+05:30  INFO 2832 --- [PaymentService] [restartedMain] [                                                 ] o.h.e.t.j.p.i.JtaPlatformInitiator       : HHH000489: No JTA platform available (set 'hibernate.transaction.jta.platform' to enable JTA platform integration)
2025-08-16T08:16:58.166+05:30  INFO 2832 --- [PaymentService] [restartedMain] [                                                 ] j.LocalContainerEntityManagerFactoryBean : Initialized JPA EntityManagerFactory for persistence unit 'default'
2025-08-16T08:16:58.939+05:30  WARN 2832 --- [PaymentService] [restartedMain] [                                                 ] JpaBaseConfiguration$JpaWebConfiguration : spring.jpa.open-in-view is enabled by default. Therefore, database queries may be performed during view rendering. Explicitly configure spring.jpa.open-in-view to disable this warning
2025-08-16T08:16:59.064+05:30  WARN 2832 --- [PaymentService] [restartedMain] [                                                 ] o.s.b.d.a.OptionalLiveReloadServer       : Unable to start LiveReload server
2025-08-16T08:16:59.172+05:30  INFO 2832 --- [PaymentService] [restartedMain] [                                                 ] o.s.c.openfeign.FeignClientFactoryBean   : For 'BookingService' URL not provided. Will try picking an instance via load-balancing.
2025-08-16T08:16:59.313+05:30  INFO 2832 --- [PaymentService] [restartedMain] [                                                 ] o.s.c.openfeign.FeignClientFactoryBean   : For 'NotificationService' URL not provided. Will try picking an instance via load-balancing.
2025-08-16T08:17:01.189+05:30  INFO 2832 --- [PaymentService] [restartedMain] [                                                 ] DiscoveryClientOptionalArgsConfiguration : Eureka HTTP Client uses RestTemplate.
2025-08-16T08:17:01.248+05:30  WARN 2832 --- [PaymentService] [restartedMain] [                                                 ] iguration$LoadBalancerCaffeineWarnLogger : Spring Cloud LoadBalancer is currently working with the default cache. While this cache implementation is useful for development and tests, it's recommended to use Caffeine cache in production.You can switch to using Caffeine cache, by adding it and org.springframework.cache.caffeine.CaffeineCacheManager to the classpath.
2025-08-16T08:17:01.276+05:30  INFO 2832 --- [PaymentService] [restartedMain] [                                                 ] o.s.b.a.e.web.EndpointLinksResolver      : Exposing 18 endpoints beneath base path '/actuator'
2025-08-16T08:17:01.590+05:30  INFO 2832 --- [PaymentService] [restartedMain] [                                                 ] o.s.c.n.eureka.InstanceInfoFactory       : Setting initial instance status as: STARTING
2025-08-16T08:17:01.685+05:30  INFO 2832 --- [PaymentService] [restartedMain] [                                                 ] com.netflix.discovery.DiscoveryClient    : Initializing Eureka in region us-east-1
2025-08-16T08:17:01.693+05:30  INFO 2832 --- [PaymentService] [restartedMain] [                                                 ] c.n.d.s.r.aws.ConfigClusterResolver      : Resolving eureka endpoints via configuration
2025-08-16T08:17:01.710+05:30  INFO 2832 --- [PaymentService] [restartedMain] [                                                 ] com.netflix.discovery.DiscoveryClient    : Disable delta property : false
2025-08-16T08:17:01.710+05:30  INFO 2832 --- [PaymentService] [restartedMain] [                                                 ] com.netflix.discovery.DiscoveryClient    : Single vip registry refresh property : null
2025-08-16T08:17:01.710+05:30  INFO 2832 --- [PaymentService] [restartedMain] [                                                 ] com.netflix.discovery.DiscoveryClient    : Force full registry fetch : false
2025-08-16T08:17:01.711+05:30  INFO 2832 --- [PaymentService] [restartedMain] [                                                 ] com.netflix.discovery.DiscoveryClient    : Application is null : false
2025-08-16T08:17:01.711+05:30  INFO 2832 --- [PaymentService] [restartedMain] [                                                 ] com.netflix.discovery.DiscoveryClient    : Registered Applications size is zero : true
2025-08-16T08:17:01.711+05:30  INFO 2832 --- [PaymentService] [restartedMain] [                                                 ] com.netflix.discovery.DiscoveryClient    : Application version is -1: true
2025-08-16T08:17:01.712+05:30  INFO 2832 --- [PaymentService] [restartedMain] [                                                 ] com.netflix.discovery.DiscoveryClient    : Getting all instance registry info from the eureka server
2025-08-16T08:17:02.432+05:30  INFO 2832 --- [PaymentService] [restartedMain] [                                                 ] com.netflix.discovery.DiscoveryClient    : The response status is 200
2025-08-16T08:17:02.437+05:30  INFO 2832 --- [PaymentService] [restartedMain] [                                                 ] com.netflix.discovery.DiscoveryClient    : Starting heartbeat executor: renew interval is: 30
2025-08-16T08:17:02.441+05:30  INFO 2832 --- [PaymentService] [restartedMain] [                                                 ] c.n.discovery.InstanceInfoReplicator     : InstanceInfoReplicator onDemand update allowed rate per min is 4
2025-08-16T08:17:02.445+05:30  INFO 2832 --- [PaymentService] [restartedMain] [                                                 ] com.netflix.discovery.DiscoveryClient    : Discovery Client initialized at timestamp 1755312422444 with initial instances count: 4
2025-08-16T08:17:02.462+05:30  INFO 2832 --- [PaymentService] [restartedMain] [                                                 ] o.s.c.n.e.s.EurekaServiceRegistry        : Registering application PAYMENTSERVICE with eureka with status UP
2025-08-16T08:17:02.463+05:30  INFO 2832 --- [PaymentService] [restartedMain] [                                                 ] com.netflix.discovery.DiscoveryClient    : Saw local status change event StatusChangeEvent [timestamp=1755312422463, current=UP, previous=STARTING]
2025-08-16T08:17:02.468+05:30  INFO 2832 --- [PaymentService] [DiscoveryClient-InstanceInfoReplicator-%d] [                                                 ] com.netflix.discovery.DiscoveryClient    : DiscoveryClient_PAYMENTSERVICE/localhost:PaymentService:9990: registering service...
2025-08-16T08:17:02.491+05:30  INFO 2832 --- [PaymentService] [restartedMain] [                                                 ] o.s.b.w.embedded.tomcat.TomcatWebServer  : Tomcat started on port 9990 (http) with context path '/'
2025-08-16T08:17:02.494+05:30  INFO 2832 --- [PaymentService] [restartedMain] [                                                 ] .s.c.n.e.s.EurekaAutoServiceRegistration : Updating port to 9990
2025-08-16T08:17:02.540+05:30  INFO 2832 --- [PaymentService] [restartedMain] [                                                 ] com.wipro.PaymentServiceApplication      : Started PaymentServiceApplication in 17.251 seconds (process running for 19.571)
2025-08-16T08:17:02.558+05:30  INFO 2832 --- [PaymentService] [DiscoveryClient-InstanceInfoReplicator-%d] [                                                 ] com.netflix.discovery.DiscoveryClient    : DiscoveryClient_PAYMENTSERVICE/localhost:PaymentService:9990 - registration status: 204
2025-08-16T08:17:03.274+05:30  INFO 2832 --- [PaymentService] [RMI TCP Connection(9)-127.0.0.1] [                                                 ] o.a.c.c.C.[Tomcat].[localhost].[/]       : Initializing Spring DispatcherServlet 'dispatcherServlet'
2025-08-16T08:17:03.275+05:30  INFO 2832 --- [PaymentService] [RMI TCP Connection(9)-127.0.0.1] [                                                 ] o.s.web.servlet.DispatcherServlet        : Initializing Servlet 'dispatcherServlet'
2025-08-16T08:17:03.280+05:30  INFO 2832 --- [PaymentService] [RMI TCP Connection(9)-127.0.0.1] [                                                 ] o.s.web.servlet.DispatcherServlet        : Completed initialization in 5 ms
2025-08-16T08:17:03.591+05:30  WARN 2832 --- [PaymentService] [AsyncReporter{ZipkinHttpClientSender{http://localhost:9411/api/v2/spans}}] [                                                 ] z.r.i.AsyncReporter$BoundedAsyncReporter : Spans were dropped due to exceptions. All subsequent errors will be logged at FINE level.
2025-08-16T08:17:03.592+05:30  WARN 2832 --- [PaymentService] [AsyncReporter{ZipkinHttpClientSender{http://localhost:9411/api/v2/spans}}] [                                                 ] z.r.i.AsyncReporter$BoundedAsyncReporter : Dropped 2 spans due to ConnectException()

java.net.ConnectException: null
	at java.net.http/jdk.internal.net.http.HttpClientImpl.send(HttpClientImpl.java:952) ~[java.net.http:na]
	at java.net.http/jdk.internal.net.http.HttpClientFacade.send(HttpClientFacade.java:133) ~[java.net.http:na]
	at org.springframework.boot.actuate.autoconfigure.tracing.zipkin.ZipkinHttpClientSender.postSpans(ZipkinHttpClientSender.java:60) ~[spring-boot-actuator-autoconfigure-3.5.4.jar:3.5.4]
	at org.springframework.boot.actuate.autoconfigure.tracing.zipkin.HttpSender.postSpans(HttpSender.java:69) ~[spring-boot-actuator-autoconfigure-3.5.4.jar:3.5.4]
	at org.springframework.boot.actuate.autoconfigure.tracing.zipkin.HttpSender.postSpans(HttpSender.java:41) ~[spring-boot-actuator-autoconfigure-3.5.4.jar:3.5.4]
	at zipkin2.reporter.BaseHttpSender.send(BaseHttpSender.java:123) ~[zipkin-reporter-3.5.1.jar:na]
	at zipkin2.reporter.internal.AsyncReporter$BoundedAsyncReporter.flush(AsyncReporter.java:266) ~[zipkin-reporter-3.5.1.jar:na]
	at zipkin2.reporter.internal.AsyncReporter$Flusher.run(AsyncReporter.java:352) ~[zipkin-reporter-3.5.1.jar:na]
	at java.base/java.lang.Thread.run(Thread.java:1583) ~[na:na]
Caused by: java.net.ConnectException: null
	at java.net.http/jdk.internal.net.http.common.Utils.toConnectException(Utils.java:1041) ~[java.net.http:na]
	at java.net.http/jdk.internal.net.http.PlainHttpConnection.connectAsync(PlainHttpConnection.java:227) ~[java.net.http:na]
	at java.net.http/jdk.internal.net.http.PlainHttpConnection.checkRetryConnect(PlainHttpConnection.java:280) ~[java.net.http:na]
	at java.net.http/jdk.internal.net.http.PlainHttpConnection.lambda$connectAsync$2(PlainHttpConnection.java:238) ~[java.net.http:na]
	at java.base/java.util.concurrent.CompletableFuture.uniHandle(CompletableFuture.java:934) ~[na:na]
	at java.base/java.util.concurrent.CompletableFuture$UniHandle.tryFire(CompletableFuture.java:911) ~[na:na]
	at java.base/java.util.concurrent.CompletableFuture.postComplete(CompletableFuture.java:510) ~[na:na]
	at java.base/java.util.concurrent.CompletableFuture$AsyncSupply.run(CompletableFuture.java:1773) ~[na:na]
	at java.base/java.util.concurrent.ThreadPoolExecutor.runWorker(ThreadPoolExecutor.java:1144) ~[na:na]
	at java.base/java.util.concurrent.ThreadPoolExecutor$Worker.run(ThreadPoolExecutor.java:642) ~[na:na]
	... 1 common frames omitted
Caused by: java.nio.channels.ClosedChannelException: null
	at java.base/sun.nio.ch.SocketChannelImpl.ensureOpen(SocketChannelImpl.java:202) ~[na:na]
	at java.base/sun.nio.ch.SocketChannelImpl.beginConnect(SocketChannelImpl.java:786) ~[na:na]
	at java.base/sun.nio.ch.SocketChannelImpl.connect(SocketChannelImpl.java:874) ~[na:na]
	at java.net.http/jdk.internal.net.http.PlainHttpConnection.lambda$connectAsync$1(PlainHttpConnection.java:210) ~[java.net.http:na]
	at java.base/java.security.AccessController.doPrivileged(AccessController.java:571) ~[na:na]
	at java.net.http/jdk.internal.net.http.PlainHttpConnection.connectAsync(PlainHttpConnection.java:212) ~[java.net.http:na]
	... 9 common frames omitted

2025-08-16T08:22:01.719+05:30  INFO 2832 --- [PaymentService] [AsyncResolver-bootstrap-executor-%d] [                                                 ] c.n.d.s.r.aws.ConfigClusterResolver      : Resolving eureka endpoints via configuration
2025-08-16T08:26:22.620+05:30  INFO 2832 --- [PaymentService] [RMI TCP Connection(22)-127.0.0.1] [                                                 ] inMXBeanRegistrar$SpringApplicationAdmin : Application shutdown requested.
2025-08-16T08:26:22.703+05:30  INFO 2832 --- [PaymentService] [RMI TCP Connection(22)-127.0.0.1] [                                                 ] o.s.c.n.e.s.EurekaServiceRegistry        : Unregistering application PAYMENTSERVICE with eureka with status DOWN
2025-08-16T08:26:22.706+05:30  INFO 2832 --- [PaymentService] [RMI TCP Connection(22)-127.0.0.1] [                                                 ] com.netflix.discovery.DiscoveryClient    : Saw local status change event StatusChangeEvent [timestamp=1755312982706, current=DOWN, previous=UP]
2025-08-16T08:26:22.708+05:30  INFO 2832 --- [PaymentService] [DiscoveryClient-InstanceInfoReplicator-%d] [                                                 ] com.netflix.discovery.DiscoveryClient    : DiscoveryClient_PAYMENTSERVICE/localhost:PaymentService:9990: registering service...
2025-08-16T08:26:22.781+05:30  INFO 2832 --- [PaymentService] [DiscoveryClient-InstanceInfoReplicator-%d] [                                                 ] com.netflix.discovery.DiscoveryClient    : DiscoveryClient_PAYMENTSERVICE/localhost:PaymentService:9990 - registration status: 204
2025-08-16T08:26:22.883+05:30  INFO 2832 --- [PaymentService] [RMI TCP Connection(22)-127.0.0.1] [                                                 ] o.s.b.w.e.tomcat.GracefulShutdown        : Commencing graceful shutdown. Waiting for active requests to complete
2025-08-16T08:26:22.913+05:30  INFO 2832 --- [PaymentService] [tomcat-shutdown] [                                                 ] o.s.b.w.e.tomcat.GracefulShutdown        : Graceful shutdown complete
2025-08-16T08:26:22.966+05:30  INFO 2832 --- [PaymentService] [RMI TCP Connection(22)-127.0.0.1] [                                                 ] j.LocalContainerEntityManagerFactoryBean : Closing JPA EntityManagerFactory for persistence unit 'default'
2025-08-16T08:26:23.002+05:30  INFO 2832 --- [PaymentService] [RMI TCP Connection(22)-127.0.0.1] [                                                 ] com.zaxxer.hikari.HikariDataSource       : HikariPool-1 - Shutdown initiated...
2025-08-16T08:26:23.039+05:30  INFO 2832 --- [PaymentService] [RMI TCP Connection(22)-127.0.0.1] [                                                 ] com.zaxxer.hikari.HikariDataSource       : HikariPool-1 - Shutdown completed.
2025-08-16T08:26:23.066+05:30  INFO 2832 --- [PaymentService] [RMI TCP Connection(22)-127.0.0.1] [                                                 ] com.netflix.discovery.DiscoveryClient    : Shutting down DiscoveryClient ...
2025-08-16T08:26:26.068+05:30  INFO 2832 --- [PaymentService] [RMI TCP Connection(22)-127.0.0.1] [                                                 ] com.netflix.discovery.DiscoveryClient    : Unregistering ...
2025-08-16T08:26:26.096+05:30  INFO 2832 --- [PaymentService] [RMI TCP Connection(22)-127.0.0.1] [                                                 ] com.netflix.discovery.DiscoveryClient    : DiscoveryClient_PAYMENTSERVICE/localhost:PaymentService:9990 - deregister  status: 200
2025-08-16T08:26:26.098+05:30  INFO 2832 --- [PaymentService] [RMI TCP Connection(22)-127.0.0.1] [                                                 ] com.netflix.discovery.DiscoveryClient    : Completed shut down of DiscoveryClient
2025-08-16T08:52:50.979+05:30  INFO 25372 --- [PaymentService] [restartedMain] [                                                 ] com.wipro.PaymentServiceApplication      : Starting PaymentServiceApplication using Java 21.0.7 with PID 25372 (D:\Training\FoodDeliveryApp\PaymentService\target\classes started by vinay in D:\Training\FoodDeliveryApp\PaymentService)
2025-08-16T08:52:50.991+05:30  INFO 25372 --- [PaymentService] [restartedMain] [                                                 ] com.wipro.PaymentServiceApplication      : No active profile set, falling back to 1 default profile: "default"
2025-08-16T08:52:51.144+05:30  INFO 25372 --- [PaymentService] [restartedMain] [                                                 ] .e.DevToolsPropertyDefaultsPostProcessor : Devtools property defaults active! Set 'spring.devtools.add-properties' to 'false' to disable
2025-08-16T08:52:51.145+05:30  INFO 25372 --- [PaymentService] [restartedMain] [                                                 ] .e.DevToolsPropertyDefaultsPostProcessor : For additional web related logging consider setting the 'logging.level.web' property to 'DEBUG'
2025-08-16T08:52:54.148+05:30  INFO 25372 --- [PaymentService] [restartedMain] [                                                 ] .s.d.r.c.RepositoryConfigurationDelegate : Bootstrapping Spring Data JPA repositories in DEFAULT mode.
2025-08-16T08:52:54.500+05:30  INFO 25372 --- [PaymentService] [restartedMain] [                                                 ] .s.d.r.c.RepositoryConfigurationDelegate : Finished Spring Data repository scanning in 332 ms. Found 1 JPA repository interface.
2025-08-16T08:52:55.378+05:30  INFO 25372 --- [PaymentService] [restartedMain] [                                                 ] o.s.cloud.context.scope.GenericScope     : BeanFactory id=740db014-ee8e-33e8-b26a-02c4efc99d07
2025-08-16T08:52:57.282+05:30  INFO 25372 --- [PaymentService] [restartedMain] [                                                 ] o.s.b.w.embedded.tomcat.TomcatWebServer  : Tomcat initialized with port 9990 (http)
2025-08-16T08:52:57.318+05:30  INFO 25372 --- [PaymentService] [restartedMain] [                                                 ] o.apache.catalina.core.StandardService   : Starting service [Tomcat]
2025-08-16T08:52:57.319+05:30  INFO 25372 --- [PaymentService] [restartedMain] [                                                 ] o.apache.catalina.core.StandardEngine    : Starting Servlet engine: [Apache Tomcat/10.1.43]
2025-08-16T08:52:57.592+05:30  INFO 25372 --- [PaymentService] [restartedMain] [                                                 ] o.a.c.c.C.[Tomcat].[localhost].[/]       : Initializing Spring embedded WebApplicationContext
2025-08-16T08:52:57.594+05:30  INFO 25372 --- [PaymentService] [restartedMain] [                                                 ] w.s.c.ServletWebServerApplicationContext : Root WebApplicationContext: initialization completed in 6446 ms
2025-08-16T08:52:59.799+05:30  INFO 25372 --- [PaymentService] [restartedMain] [                                                 ] o.hibernate.jpa.internal.util.LogHelper  : HHH000204: Processing PersistenceUnitInfo [name: default]
2025-08-16T08:52:59.979+05:30  INFO 25372 --- [PaymentService] [restartedMain] [                                                 ] org.hibernate.Version                    : HHH000412: Hibernate ORM core version 6.6.22.Final
2025-08-16T08:53:00.088+05:30  INFO 25372 --- [PaymentService] [restartedMain] [                                                 ] o.h.c.internal.RegionFactoryInitiator    : HHH000026: Second-level cache disabled
2025-08-16T08:53:00.822+05:30  INFO 25372 --- [PaymentService] [restartedMain] [                                                 ] o.s.o.j.p.SpringPersistenceUnitInfo      : No LoadTimeWeaver setup: ignoring JPA class transformer
2025-08-16T08:53:00.887+05:30  INFO 25372 --- [PaymentService] [restartedMain] [                                                 ] com.zaxxer.hikari.HikariDataSource       : HikariPool-1 - Starting...
2025-08-16T08:53:01.589+05:30  INFO 25372 --- [PaymentService] [restartedMain] [                                                 ] com.zaxxer.hikari.pool.HikariPool        : HikariPool-1 - Added connection com.mysql.cj.jdbc.ConnectionImpl@488bf258
2025-08-16T08:53:01.600+05:30  INFO 25372 --- [PaymentService] [restartedMain] [                                                 ] com.zaxxer.hikari.HikariDataSource       : HikariPool-1 - Start completed.
2025-08-16T08:53:01.870+05:30  WARN 25372 --- [PaymentService] [restartedMain] [                                                 ] org.hibernate.orm.deprecation            : HHH90000025: MySQLDialect does not need to be specified explicitly using 'hibernate.dialect' (remove the property setting and it will be selected by default)
2025-08-16T08:53:01.910+05:30  INFO 25372 --- [PaymentService] [restartedMain] [                                                 ] org.hibernate.orm.connections.pooling    : HHH10001005: Database info:
	Database JDBC URL [Connecting through datasource 'HikariDataSource (HikariPool-1)']
	Database driver: undefined/unknown
	Database version: 8.0.43
	Autocommit mode: undefined/unknown
	Isolation level: undefined/unknown
	Minimum pool size: undefined/unknown
	Maximum pool size: undefined/unknown
2025-08-16T08:53:05.120+05:30  INFO 25372 --- [PaymentService] [restartedMain] [                                                 ] o.h.e.t.j.p.i.JtaPlatformInitiator       : HHH000489: No JTA platform available (set 'hibernate.transaction.jta.platform' to enable JTA platform integration)
2025-08-16T08:53:05.424+05:30  INFO 25372 --- [PaymentService] [restartedMain] [                                                 ] j.LocalContainerEntityManagerFactoryBean : Initialized JPA EntityManagerFactory for persistence unit 'default'
2025-08-16T08:53:06.682+05:30  WARN 25372 --- [PaymentService] [restartedMain] [                                                 ] JpaBaseConfiguration$JpaWebConfiguration : spring.jpa.open-in-view is enabled by default. Therefore, database queries may be performed during view rendering. Explicitly configure spring.jpa.open-in-view to disable this warning
2025-08-16T08:53:07.027+05:30  WARN 25372 --- [PaymentService] [restartedMain] [                                                 ] o.s.b.d.a.OptionalLiveReloadServer       : Unable to start LiveReload server
2025-08-16T08:53:08.088+05:30  INFO 25372 --- [PaymentService] [restartedMain] [                                                 ] o.s.cloud.commons.util.InetUtils         : Cannot determine local hostname
2025-08-16T08:53:08.361+05:30  INFO 25372 --- [PaymentService] [restartedMain] [                                                 ] o.s.c.openfeign.FeignClientFactoryBean   : For 'BookingService' URL not provided. Will try picking an instance via load-balancing.
2025-08-16T08:53:08.562+05:30  INFO 25372 --- [PaymentService] [restartedMain] [                                                 ] o.s.c.openfeign.FeignClientFactoryBean   : For 'NotificationService' URL not provided. Will try picking an instance via load-balancing.
2025-08-16T08:53:12.819+05:30  INFO 25372 --- [PaymentService] [restartedMain] [                                                 ] o.s.cloud.commons.util.InetUtils         : Cannot determine local hostname
2025-08-16T08:53:12.966+05:30  INFO 25372 --- [PaymentService] [restartedMain] [                                                 ] DiscoveryClientOptionalArgsConfiguration : Eureka HTTP Client uses RestTemplate.
2025-08-16T08:53:13.229+05:30  WARN 25372 --- [PaymentService] [restartedMain] [                                                 ] iguration$LoadBalancerCaffeineWarnLogger : Spring Cloud LoadBalancer is currently working with the default cache. While this cache implementation is useful for development and tests, it's recommended to use Caffeine cache in production.You can switch to using Caffeine cache, by adding it and org.springframework.cache.caffeine.CaffeineCacheManager to the classpath.
2025-08-16T08:53:13.354+05:30  INFO 25372 --- [PaymentService] [restartedMain] [                                                 ] o.s.b.a.e.web.EndpointLinksResolver      : Exposing 18 endpoints beneath base path '/actuator'
2025-08-16T08:53:13.666+05:30  INFO 25372 --- [PaymentService] [restartedMain] [                                                 ] o.s.c.n.eureka.InstanceInfoFactory       : Setting initial instance status as: STARTING
2025-08-16T08:53:13.728+05:30  INFO 25372 --- [PaymentService] [restartedMain] [                                                 ] com.netflix.discovery.DiscoveryClient    : Initializing Eureka in region us-east-1
2025-08-16T08:53:13.739+05:30  INFO 25372 --- [PaymentService] [restartedMain] [                                                 ] c.n.d.s.r.aws.ConfigClusterResolver      : Resolving eureka endpoints via configuration
2025-08-16T08:53:13.764+05:30  INFO 25372 --- [PaymentService] [restartedMain] [                                                 ] com.netflix.discovery.DiscoveryClient    : Disable delta property : false
2025-08-16T08:53:13.764+05:30  INFO 25372 --- [PaymentService] [restartedMain] [                                                 ] com.netflix.discovery.DiscoveryClient    : Single vip registry refresh property : null
2025-08-16T08:53:13.764+05:30  INFO 25372 --- [PaymentService] [restartedMain] [                                                 ] com.netflix.discovery.DiscoveryClient    : Force full registry fetch : false
2025-08-16T08:53:13.764+05:30  INFO 25372 --- [PaymentService] [restartedMain] [                                                 ] com.netflix.discovery.DiscoveryClient    : Application is null : false
2025-08-16T08:53:13.765+05:30  INFO 25372 --- [PaymentService] [restartedMain] [                                                 ] com.netflix.discovery.DiscoveryClient    : Registered Applications size is zero : true
2025-08-16T08:53:13.765+05:30  INFO 25372 --- [PaymentService] [restartedMain] [                                                 ] com.netflix.discovery.DiscoveryClient    : Application version is -1: true
2025-08-16T08:53:13.765+05:30  INFO 25372 --- [PaymentService] [restartedMain] [                                                 ] com.netflix.discovery.DiscoveryClient    : Getting all instance registry info from the eureka server
2025-08-16T08:53:14.777+05:30  INFO 25372 --- [PaymentService] [restartedMain] [                                                 ] com.netflix.discovery.DiscoveryClient    : The response status is 200
2025-08-16T08:53:14.780+05:30  INFO 25372 --- [PaymentService] [restartedMain] [                                                 ] com.netflix.discovery.DiscoveryClient    : Starting heartbeat executor: renew interval is: 30
2025-08-16T08:53:14.785+05:30  INFO 25372 --- [PaymentService] [restartedMain] [                                                 ] c.n.discovery.InstanceInfoReplicator     : InstanceInfoReplicator onDemand update allowed rate per min is 4
2025-08-16T08:53:14.788+05:30  INFO 25372 --- [PaymentService] [restartedMain] [                                                 ] com.netflix.discovery.DiscoveryClient    : Discovery Client initialized at timestamp 1755314594787 with initial instances count: 3
2025-08-16T08:53:14.802+05:30  INFO 25372 --- [PaymentService] [restartedMain] [                                                 ] o.s.c.n.e.s.EurekaServiceRegistry        : Registering application PAYMENTSERVICE with eureka with status UP
2025-08-16T08:53:14.803+05:30  INFO 25372 --- [PaymentService] [restartedMain] [                                                 ] com.netflix.discovery.DiscoveryClient    : Saw local status change event StatusChangeEvent [timestamp=1755314594803, current=UP, previous=STARTING]
2025-08-16T08:53:14.807+05:30  INFO 25372 --- [PaymentService] [DiscoveryClient-InstanceInfoReplicator-%d] [                                                 ] com.netflix.discovery.DiscoveryClient    : DiscoveryClient_PAYMENTSERVICE/localhost:PaymentService:9990: registering service...
2025-08-16T08:53:14.833+05:30  INFO 25372 --- [PaymentService] [restartedMain] [                                                 ] o.s.b.w.embedded.tomcat.TomcatWebServer  : Tomcat started on port 9990 (http) with context path '/'
2025-08-16T08:53:14.836+05:30  INFO 25372 --- [PaymentService] [restartedMain] [                                                 ] .s.c.n.e.s.EurekaAutoServiceRegistration : Updating port to 9990
2025-08-16T08:53:14.894+05:30  INFO 25372 --- [PaymentService] [DiscoveryClient-InstanceInfoReplicator-%d] [                                                 ] com.netflix.discovery.DiscoveryClient    : DiscoveryClient_PAYMENTSERVICE/localhost:PaymentService:9990 - registration status: 204
2025-08-16T08:53:15.855+05:30  INFO 25372 --- [PaymentService] [restartedMain] [                                                 ] o.s.cloud.commons.util.InetUtils         : Cannot determine local hostname
2025-08-16T08:53:15.898+05:30  INFO 25372 --- [PaymentService] [restartedMain] [                                                 ] com.wipro.PaymentServiceApplication      : Started PaymentServiceApplication in 27.13 seconds (process running for 29.875)
2025-08-16T08:53:15.930+05:30  WARN 25372 --- [PaymentService] [AsyncReporter{ZipkinHttpClientSender{http://localhost:9411/api/v2/spans}}] [                                                 ] z.r.i.AsyncReporter$BoundedAsyncReporter : Spans were dropped due to exceptions. All subsequent errors will be logged at FINE level.
2025-08-16T08:53:15.931+05:30  WARN 25372 --- [PaymentService] [AsyncReporter{ZipkinHttpClientSender{http://localhost:9411/api/v2/spans}}] [                                                 ] z.r.i.AsyncReporter$BoundedAsyncReporter : Dropped 2 spans due to ConnectException()

java.net.ConnectException: null
	at java.net.http/jdk.internal.net.http.HttpClientImpl.send(HttpClientImpl.java:952) ~[java.net.http:na]
	at java.net.http/jdk.internal.net.http.HttpClientFacade.send(HttpClientFacade.java:133) ~[java.net.http:na]
	at org.springframework.boot.actuate.autoconfigure.tracing.zipkin.ZipkinHttpClientSender.postSpans(ZipkinHttpClientSender.java:60) ~[spring-boot-actuator-autoconfigure-3.5.4.jar:3.5.4]
	at org.springframework.boot.actuate.autoconfigure.tracing.zipkin.HttpSender.postSpans(HttpSender.java:69) ~[spring-boot-actuator-autoconfigure-3.5.4.jar:3.5.4]
	at org.springframework.boot.actuate.autoconfigure.tracing.zipkin.HttpSender.postSpans(HttpSender.java:41) ~[spring-boot-actuator-autoconfigure-3.5.4.jar:3.5.4]
	at zipkin2.reporter.BaseHttpSender.send(BaseHttpSender.java:123) ~[zipkin-reporter-3.5.1.jar:na]
	at zipkin2.reporter.internal.AsyncReporter$BoundedAsyncReporter.flush(AsyncReporter.java:266) ~[zipkin-reporter-3.5.1.jar:na]
	at zipkin2.reporter.internal.AsyncReporter$Flusher.run(AsyncReporter.java:352) ~[zipkin-reporter-3.5.1.jar:na]
	at java.base/java.lang.Thread.run(Thread.java:1583) ~[na:na]
Caused by: java.net.ConnectException: null
	at java.net.http/jdk.internal.net.http.common.Utils.toConnectException(Utils.java:1041) ~[java.net.http:na]
	at java.net.http/jdk.internal.net.http.PlainHttpConnection.connectAsync(PlainHttpConnection.java:227) ~[java.net.http:na]
	at java.net.http/jdk.internal.net.http.PlainHttpConnection.checkRetryConnect(PlainHttpConnection.java:280) ~[java.net.http:na]
	at java.net.http/jdk.internal.net.http.PlainHttpConnection.lambda$connectAsync$2(PlainHttpConnection.java:238) ~[java.net.http:na]
	at java.base/java.util.concurrent.CompletableFuture.uniHandle(CompletableFuture.java:934) ~[na:na]
	at java.base/java.util.concurrent.CompletableFuture$UniHandle.tryFire(CompletableFuture.java:911) ~[na:na]
	at java.base/java.util.concurrent.CompletableFuture.postComplete(CompletableFuture.java:510) ~[na:na]
	at java.base/java.util.concurrent.CompletableFuture$AsyncSupply.run(CompletableFuture.java:1773) ~[na:na]
	at java.base/java.util.concurrent.ThreadPoolExecutor.runWorker(ThreadPoolExecutor.java:1144) ~[na:na]
	at java.base/java.util.concurrent.ThreadPoolExecutor$Worker.run(ThreadPoolExecutor.java:642) ~[na:na]
	... 1 common frames omitted
Caused by: java.nio.channels.ClosedChannelException: null
	at java.base/sun.nio.ch.SocketChannelImpl.ensureOpen(SocketChannelImpl.java:202) ~[na:na]
	at java.base/sun.nio.ch.SocketChannelImpl.beginConnect(SocketChannelImpl.java:786) ~[na:na]
	at java.base/sun.nio.ch.SocketChannelImpl.connect(SocketChannelImpl.java:874) ~[na:na]
	at java.net.http/jdk.internal.net.http.PlainHttpConnection.lambda$connectAsync$1(PlainHttpConnection.java:210) ~[java.net.http:na]
	at java.base/java.security.AccessController.doPrivileged(AccessController.java:571) ~[na:na]
	at java.net.http/jdk.internal.net.http.PlainHttpConnection.connectAsync(PlainHttpConnection.java:212) ~[java.net.http:na]
	... 9 common frames omitted

2025-08-16T08:53:16.660+05:30  INFO 25372 --- [PaymentService] [RMI TCP Connection(6)-127.0.0.1] [                                                 ] o.a.c.c.C.[Tomcat].[localhost].[/]       : Initializing Spring DispatcherServlet 'dispatcherServlet'
2025-08-16T08:53:16.660+05:30  INFO 25372 --- [PaymentService] [RMI TCP Connection(6)-127.0.0.1] [                                                 ] o.s.web.servlet.DispatcherServlet        : Initializing Servlet 'dispatcherServlet'
2025-08-16T08:53:16.665+05:30  INFO 25372 --- [PaymentService] [RMI TCP Connection(6)-127.0.0.1] [                                                 ] o.s.web.servlet.DispatcherServlet        : Completed initialization in 5 ms
2025-08-16T08:58:13.785+05:30  INFO 25372 --- [PaymentService] [AsyncResolver-bootstrap-executor-%d] [                                                 ] c.n.d.s.r.aws.ConfigClusterResolver      : Resolving eureka endpoints via configuration
2025-08-16T09:03:13.800+05:30  INFO 25372 --- [PaymentService] [AsyncResolver-bootstrap-executor-%d] [                                                 ] c.n.d.s.r.aws.ConfigClusterResolver      : Resolving eureka endpoints via configuration
2025-08-16T09:08:13.810+05:30  INFO 25372 --- [PaymentService] [AsyncResolver-bootstrap-executor-%d] [                                                 ] c.n.d.s.r.aws.ConfigClusterResolver      : Resolving eureka endpoints via configuration
2025-08-16T09:13:13.835+05:30  INFO 25372 --- [PaymentService] [AsyncResolver-bootstrap-executor-%d] [                                                 ] c.n.d.s.r.aws.ConfigClusterResolver      : Resolving eureka endpoints via configuration
2025-08-16T09:18:13.843+05:30  INFO 25372 --- [PaymentService] [AsyncResolver-bootstrap-executor-%d] [                                                 ] c.n.d.s.r.aws.ConfigClusterResolver      : Resolving eureka endpoints via configuration
2025-08-16T09:23:13.875+05:30  INFO 25372 --- [PaymentService] [AsyncResolver-bootstrap-executor-%d] [                                                 ] c.n.d.s.r.aws.ConfigClusterResolver      : Resolving eureka endpoints via configuration
2025-08-16T09:28:13.908+05:30  INFO 25372 --- [PaymentService] [AsyncResolver-bootstrap-executor-%d] [                                                 ] c.n.d.s.r.aws.ConfigClusterResolver      : Resolving eureka endpoints via configuration
2025-08-16T09:29:43.367+05:30  INFO 25372 --- [PaymentService] [RMI TCP Connection(55)-127.0.0.1] [                                                 ] inMXBeanRegistrar$SpringApplicationAdmin : Application shutdown requested.
2025-08-16T09:29:43.771+05:30  INFO 25372 --- [PaymentService] [RMI TCP Connection(55)-127.0.0.1] [                                                 ] o.s.c.n.e.s.EurekaServiceRegistry        : Unregistering application PAYMENTSERVICE with eureka with status DOWN
2025-08-16T09:29:43.779+05:30  INFO 25372 --- [PaymentService] [RMI TCP Connection(55)-127.0.0.1] [                                                 ] com.netflix.discovery.DiscoveryClient    : Saw local status change event StatusChangeEvent [timestamp=1755316783779, current=DOWN, previous=UP]
2025-08-16T09:29:43.785+05:30  INFO 25372 --- [PaymentService] [DiscoveryClient-InstanceInfoReplicator-%d] [                                                 ] com.netflix.discovery.DiscoveryClient    : DiscoveryClient_PAYMENTSERVICE/localhost:PaymentService:9990: registering service...
2025-08-16T09:29:44.081+05:30  INFO 25372 --- [PaymentService] [DiscoveryClient-InstanceInfoReplicator-%d] [                                                 ] com.netflix.discovery.DiscoveryClient    : DiscoveryClient_PAYMENTSERVICE/localhost:PaymentService:9990 - registration status: 204
2025-08-16T09:29:44.380+05:30  INFO 25372 --- [PaymentService] [RMI TCP Connection(55)-127.0.0.1] [                                                 ] o.s.b.w.e.tomcat.GracefulShutdown        : Commencing graceful shutdown. Waiting for active requests to complete
2025-08-16T09:29:44.523+05:30  INFO 25372 --- [PaymentService] [tomcat-shutdown] [                                                 ] o.s.b.w.e.tomcat.GracefulShutdown        : Graceful shutdown complete
2025-08-16T09:29:45.001+05:30  INFO 25372 --- [PaymentService] [RMI TCP Connection(55)-127.0.0.1] [                                                 ] j.LocalContainerEntityManagerFactoryBean : Closing JPA EntityManagerFactory for persistence unit 'default'
2025-08-16T09:29:45.310+05:30  INFO 25372 --- [PaymentService] [RMI TCP Connection(55)-127.0.0.1] [                                                 ] com.zaxxer.hikari.HikariDataSource       : HikariPool-1 - Shutdown initiated...
2025-08-16T09:29:45.412+05:30  INFO 25372 --- [PaymentService] [RMI TCP Connection(55)-127.0.0.1] [                                                 ] com.zaxxer.hikari.HikariDataSource       : HikariPool-1 - Shutdown completed.
2025-08-16T09:29:45.962+05:30  INFO 25372 --- [PaymentService] [RMI TCP Connection(55)-127.0.0.1] [                                                 ] com.netflix.discovery.DiscoveryClient    : Shutting down DiscoveryClient ...
2025-08-16T09:29:48.989+05:30  INFO 25372 --- [PaymentService] [RMI TCP Connection(55)-127.0.0.1] [                                                 ] com.netflix.discovery.DiscoveryClient    : Unregistering ...
2025-08-16T09:29:49.091+05:30  INFO 25372 --- [PaymentService] [RMI TCP Connection(55)-127.0.0.1] [                                                 ] com.netflix.discovery.DiscoveryClient    : DiscoveryClient_PAYMENTSERVICE/localhost:PaymentService:9990 - deregister  status: 200
2025-08-16T09:29:49.100+05:30  INFO 25372 --- [PaymentService] [RMI TCP Connection(55)-127.0.0.1] [                                                 ] com.netflix.discovery.DiscoveryClient    : Completed shut down of DiscoveryClient
2025-08-16T19:14:04.470+05:30  INFO 5180 --- [PaymentService] [restartedMain] [                                                 ] com.wipro.PaymentServiceApplication      : Starting PaymentServiceApplication using Java 21.0.7 with PID 5180 (D:\Training\FoodDeliveryApp\PaymentService\target\classes started by vinay in D:\Training\FoodDeliveryApp\PaymentService)
2025-08-16T19:14:04.477+05:30  INFO 5180 --- [PaymentService] [restartedMain] [                                                 ] com.wipro.PaymentServiceApplication      : No active profile set, falling back to 1 default profile: "default"
2025-08-16T19:14:04.640+05:30  INFO 5180 --- [PaymentService] [restartedMain] [                                                 ] .e.DevToolsPropertyDefaultsPostProcessor : Devtools property defaults active! Set 'spring.devtools.add-properties' to 'false' to disable
2025-08-16T19:14:04.641+05:30  INFO 5180 --- [PaymentService] [restartedMain] [                                                 ] .e.DevToolsPropertyDefaultsPostProcessor : For additional web related logging consider setting the 'logging.level.web' property to 'DEBUG'
2025-08-16T19:14:10.156+05:30  INFO 5180 --- [PaymentService] [restartedMain] [                                                 ] .s.d.r.c.RepositoryConfigurationDelegate : Bootstrapping Spring Data JPA repositories in DEFAULT mode.
2025-08-16T19:14:10.921+05:30  INFO 5180 --- [PaymentService] [restartedMain] [                                                 ] .s.d.r.c.RepositoryConfigurationDelegate : Finished Spring Data repository scanning in 669 ms. Found 1 JPA repository interface.
2025-08-16T19:14:11.947+05:30  INFO 5180 --- [PaymentService] [restartedMain] [                                                 ] o.s.cloud.context.scope.GenericScope     : BeanFactory id=740db014-ee8e-33e8-b26a-02c4efc99d07
2025-08-16T19:14:14.328+05:30  INFO 5180 --- [PaymentService] [restartedMain] [                                                 ] o.s.b.w.embedded.tomcat.TomcatWebServer  : Tomcat initialized with port 9990 (http)
2025-08-16T19:14:14.374+05:30  INFO 5180 --- [PaymentService] [restartedMain] [                                                 ] o.apache.catalina.core.StandardService   : Starting service [Tomcat]
2025-08-16T19:14:14.377+05:30  INFO 5180 --- [PaymentService] [restartedMain] [                                                 ] o.apache.catalina.core.StandardEngine    : Starting Servlet engine: [Apache Tomcat/10.1.43]
2025-08-16T19:14:14.565+05:30  INFO 5180 --- [PaymentService] [restartedMain] [                                                 ] o.a.c.c.C.[Tomcat].[localhost].[/]       : Initializing Spring embedded WebApplicationContext
2025-08-16T19:14:14.567+05:30  INFO 5180 --- [PaymentService] [restartedMain] [                                                 ] w.s.c.ServletWebServerApplicationContext : Root WebApplicationContext: initialization completed in 9924 ms
2025-08-16T19:14:17.274+05:30  INFO 5180 --- [PaymentService] [restartedMain] [                                                 ] o.hibernate.jpa.internal.util.LogHelper  : HHH000204: Processing PersistenceUnitInfo [name: default]
2025-08-16T19:14:17.426+05:30  INFO 5180 --- [PaymentService] [restartedMain] [                                                 ] org.hibernate.Version                    : HHH000412: Hibernate ORM core version 6.6.22.Final
2025-08-16T19:14:17.536+05:30  INFO 5180 --- [PaymentService] [restartedMain] [                                                 ] o.h.c.internal.RegionFactoryInitiator    : HHH000026: Second-level cache disabled
2025-08-16T19:14:18.608+05:30  INFO 5180 --- [PaymentService] [restartedMain] [                                                 ] o.s.o.j.p.SpringPersistenceUnitInfo      : No LoadTimeWeaver setup: ignoring JPA class transformer
2025-08-16T19:14:18.694+05:30  INFO 5180 --- [PaymentService] [restartedMain] [                                                 ] com.zaxxer.hikari.HikariDataSource       : HikariPool-1 - Starting...
2025-08-16T19:14:19.467+05:30  INFO 5180 --- [PaymentService] [restartedMain] [                                                 ] com.zaxxer.hikari.pool.HikariPool        : HikariPool-1 - Added connection com.mysql.cj.jdbc.ConnectionImpl@35f5bcf0
2025-08-16T19:14:19.472+05:30  INFO 5180 --- [PaymentService] [restartedMain] [                                                 ] com.zaxxer.hikari.HikariDataSource       : HikariPool-1 - Start completed.
2025-08-16T19:14:19.643+05:30  WARN 5180 --- [PaymentService] [restartedMain] [                                                 ] org.hibernate.orm.deprecation            : HHH90000025: MySQLDialect does not need to be specified explicitly using 'hibernate.dialect' (remove the property setting and it will be selected by default)
2025-08-16T19:14:19.690+05:30  INFO 5180 --- [PaymentService] [restartedMain] [                                                 ] org.hibernate.orm.connections.pooling    : HHH10001005: Database info:
	Database JDBC URL [Connecting through datasource 'HikariDataSource (HikariPool-1)']
	Database driver: undefined/unknown
	Database version: 8.0.43
	Autocommit mode: undefined/unknown
	Isolation level: undefined/unknown
	Minimum pool size: undefined/unknown
	Maximum pool size: undefined/unknown
2025-08-16T19:14:21.622+05:30  INFO 5180 --- [PaymentService] [restartedMain] [                                                 ] o.h.e.t.j.p.i.JtaPlatformInitiator       : HHH000489: No JTA platform available (set 'hibernate.transaction.jta.platform' to enable JTA platform integration)
2025-08-16T19:14:21.741+05:30  INFO 5180 --- [PaymentService] [restartedMain] [                                                 ] j.LocalContainerEntityManagerFactoryBean : Initialized JPA EntityManagerFactory for persistence unit 'default'
2025-08-16T19:14:22.784+05:30  WARN 5180 --- [PaymentService] [restartedMain] [                                                 ] JpaBaseConfiguration$JpaWebConfiguration : spring.jpa.open-in-view is enabled by default. Therefore, database queries may be performed during view rendering. Explicitly configure spring.jpa.open-in-view to disable this warning
2025-08-16T19:14:23.059+05:30  WARN 5180 --- [PaymentService] [restartedMain] [                                                 ] o.s.b.d.a.OptionalLiveReloadServer       : Unable to start LiveReload server
2025-08-16T19:14:23.307+05:30  INFO 5180 --- [PaymentService] [restartedMain] [                                                 ] o.s.c.openfeign.FeignClientFactoryBean   : For 'BookingService' URL not provided. Will try picking an instance via load-balancing.
2025-08-16T19:14:23.491+05:30  INFO 5180 --- [PaymentService] [restartedMain] [                                                 ] o.s.c.openfeign.FeignClientFactoryBean   : For 'NotificationService' URL not provided. Will try picking an instance via load-balancing.
2025-08-16T19:14:25.762+05:30  INFO 5180 --- [PaymentService] [restartedMain] [                                                 ] DiscoveryClientOptionalArgsConfiguration : Eureka HTTP Client uses RestTemplate.
2025-08-16T19:14:25.827+05:30  WARN 5180 --- [PaymentService] [restartedMain] [                                                 ] iguration$LoadBalancerCaffeineWarnLogger : Spring Cloud LoadBalancer is currently working with the default cache. While this cache implementation is useful for development and tests, it's recommended to use Caffeine cache in production.You can switch to using Caffeine cache, by adding it and org.springframework.cache.caffeine.CaffeineCacheManager to the classpath.
2025-08-16T19:14:25.867+05:30  INFO 5180 --- [PaymentService] [restartedMain] [                                                 ] o.s.b.a.e.web.EndpointLinksResolver      : Exposing 18 endpoints beneath base path '/actuator'
2025-08-16T19:14:26.180+05:30  INFO 5180 --- [PaymentService] [restartedMain] [                                                 ] o.s.c.n.eureka.InstanceInfoFactory       : Setting initial instance status as: STARTING
2025-08-16T19:14:26.221+05:30  INFO 5180 --- [PaymentService] [restartedMain] [                                                 ] com.netflix.discovery.DiscoveryClient    : Initializing Eureka in region us-east-1
2025-08-16T19:14:26.228+05:30  INFO 5180 --- [PaymentService] [restartedMain] [                                                 ] c.n.d.s.r.aws.ConfigClusterResolver      : Resolving eureka endpoints via configuration
2025-08-16T19:14:26.243+05:30  INFO 5180 --- [PaymentService] [restartedMain] [                                                 ] com.netflix.discovery.DiscoveryClient    : Disable delta property : false
2025-08-16T19:14:26.243+05:30  INFO 5180 --- [PaymentService] [restartedMain] [                                                 ] com.netflix.discovery.DiscoveryClient    : Single vip registry refresh property : null
2025-08-16T19:14:26.243+05:30  INFO 5180 --- [PaymentService] [restartedMain] [                                                 ] com.netflix.discovery.DiscoveryClient    : Force full registry fetch : false
2025-08-16T19:14:26.244+05:30  INFO 5180 --- [PaymentService] [restartedMain] [                                                 ] com.netflix.discovery.DiscoveryClient    : Application is null : false
2025-08-16T19:14:26.244+05:30  INFO 5180 --- [PaymentService] [restartedMain] [                                                 ] com.netflix.discovery.DiscoveryClient    : Registered Applications size is zero : true
2025-08-16T19:14:26.244+05:30  INFO 5180 --- [PaymentService] [restartedMain] [                                                 ] com.netflix.discovery.DiscoveryClient    : Application version is -1: true
2025-08-16T19:14:26.244+05:30  INFO 5180 --- [PaymentService] [restartedMain] [                                                 ] com.netflix.discovery.DiscoveryClient    : Getting all instance registry info from the eureka server
2025-08-16T19:14:26.971+05:30  INFO 5180 --- [PaymentService] [restartedMain] [                                                 ] com.netflix.discovery.DiscoveryClient    : The response status is 200
2025-08-16T19:14:26.975+05:30  INFO 5180 --- [PaymentService] [restartedMain] [                                                 ] com.netflix.discovery.DiscoveryClient    : Starting heartbeat executor: renew interval is: 30
2025-08-16T19:14:26.979+05:30  INFO 5180 --- [PaymentService] [restartedMain] [                                                 ] c.n.discovery.InstanceInfoReplicator     : InstanceInfoReplicator onDemand update allowed rate per min is 4
2025-08-16T19:14:26.984+05:30  INFO 5180 --- [PaymentService] [restartedMain] [                                                 ] com.netflix.discovery.DiscoveryClient    : Discovery Client initialized at timestamp 1755351866981 with initial instances count: 2
2025-08-16T19:14:26.998+05:30  INFO 5180 --- [PaymentService] [restartedMain] [                                                 ] o.s.c.n.e.s.EurekaServiceRegistry        : Registering application PAYMENTSERVICE with eureka with status UP
2025-08-16T19:14:27.000+05:30  INFO 5180 --- [PaymentService] [restartedMain] [                                                 ] com.netflix.discovery.DiscoveryClient    : Saw local status change event StatusChangeEvent [timestamp=1755351867000, current=UP, previous=STARTING]
2025-08-16T19:14:27.005+05:30  INFO 5180 --- [PaymentService] [DiscoveryClient-InstanceInfoReplicator-%d] [                                                 ] com.netflix.discovery.DiscoveryClient    : DiscoveryClient_PAYMENTSERVICE/192.168.204.1:PaymentService:9990: registering service...
2025-08-16T19:14:27.033+05:30  INFO 5180 --- [PaymentService] [restartedMain] [                                                 ] o.s.b.w.embedded.tomcat.TomcatWebServer  : Tomcat started on port 9990 (http) with context path '/'
2025-08-16T19:14:27.036+05:30  INFO 5180 --- [PaymentService] [restartedMain] [                                                 ] .s.c.n.e.s.EurekaAutoServiceRegistration : Updating port to 9990
2025-08-16T19:14:27.082+05:30  INFO 5180 --- [PaymentService] [restartedMain] [                                                 ] com.wipro.PaymentServiceApplication      : Started PaymentServiceApplication in 24.269 seconds (process running for 28.8)
2025-08-16T19:14:27.107+05:30  INFO 5180 --- [PaymentService] [DiscoveryClient-InstanceInfoReplicator-%d] [                                                 ] com.netflix.discovery.DiscoveryClient    : DiscoveryClient_PAYMENTSERVICE/192.168.204.1:PaymentService:9990 - registration status: 204
2025-08-16T19:14:27.623+05:30  INFO 5180 --- [PaymentService] [RMI TCP Connection(9)-127.0.0.1] [                                                 ] o.a.c.c.C.[Tomcat].[localhost].[/]       : Initializing Spring DispatcherServlet 'dispatcherServlet'
2025-08-16T19:14:27.624+05:30  INFO 5180 --- [PaymentService] [RMI TCP Connection(9)-127.0.0.1] [                                                 ] o.s.web.servlet.DispatcherServlet        : Initializing Servlet 'dispatcherServlet'
2025-08-16T19:14:27.629+05:30  INFO 5180 --- [PaymentService] [RMI TCP Connection(9)-127.0.0.1] [                                                 ] o.s.web.servlet.DispatcherServlet        : Completed initialization in 4 ms
2025-08-16T19:14:28.068+05:30  WARN 5180 --- [PaymentService] [AsyncReporter{ZipkinHttpClientSender{http://localhost:9411/api/v2/spans}}] [                                                 ] z.r.i.AsyncReporter$BoundedAsyncReporter : Spans were dropped due to exceptions. All subsequent errors will be logged at FINE level.
2025-08-16T19:14:28.069+05:30  WARN 5180 --- [PaymentService] [AsyncReporter{ZipkinHttpClientSender{http://localhost:9411/api/v2/spans}}] [                                                 ] z.r.i.AsyncReporter$BoundedAsyncReporter : Dropped 2 spans due to ConnectException()

java.net.ConnectException: null
	at java.net.http/jdk.internal.net.http.HttpClientImpl.send(HttpClientImpl.java:952) ~[java.net.http:na]
	at java.net.http/jdk.internal.net.http.HttpClientFacade.send(HttpClientFacade.java:133) ~[java.net.http:na]
	at org.springframework.boot.actuate.autoconfigure.tracing.zipkin.ZipkinHttpClientSender.postSpans(ZipkinHttpClientSender.java:60) ~[spring-boot-actuator-autoconfigure-3.5.4.jar:3.5.4]
	at org.springframework.boot.actuate.autoconfigure.tracing.zipkin.HttpSender.postSpans(HttpSender.java:69) ~[spring-boot-actuator-autoconfigure-3.5.4.jar:3.5.4]
	at org.springframework.boot.actuate.autoconfigure.tracing.zipkin.HttpSender.postSpans(HttpSender.java:41) ~[spring-boot-actuator-autoconfigure-3.5.4.jar:3.5.4]
	at zipkin2.reporter.BaseHttpSender.send(BaseHttpSender.java:123) ~[zipkin-reporter-3.5.1.jar:na]
	at zipkin2.reporter.internal.AsyncReporter$BoundedAsyncReporter.flush(AsyncReporter.java:266) ~[zipkin-reporter-3.5.1.jar:na]
	at zipkin2.reporter.internal.AsyncReporter$Flusher.run(AsyncReporter.java:352) ~[zipkin-reporter-3.5.1.jar:na]
	at java.base/java.lang.Thread.run(Thread.java:1583) ~[na:na]
Caused by: java.net.ConnectException: null
	at java.net.http/jdk.internal.net.http.common.Utils.toConnectException(Utils.java:1041) ~[java.net.http:na]
	at java.net.http/jdk.internal.net.http.PlainHttpConnection.connectAsync(PlainHttpConnection.java:227) ~[java.net.http:na]
	at java.net.http/jdk.internal.net.http.PlainHttpConnection.checkRetryConnect(PlainHttpConnection.java:280) ~[java.net.http:na]
	at java.net.http/jdk.internal.net.http.PlainHttpConnection.lambda$connectAsync$2(PlainHttpConnection.java:238) ~[java.net.http:na]
	at java.base/java.util.concurrent.CompletableFuture.uniHandle(CompletableFuture.java:934) ~[na:na]
	at java.base/java.util.concurrent.CompletableFuture$UniHandle.tryFire(CompletableFuture.java:911) ~[na:na]
	at java.base/java.util.concurrent.CompletableFuture.postComplete(CompletableFuture.java:510) ~[na:na]
	at java.base/java.util.concurrent.CompletableFuture$AsyncSupply.run(CompletableFuture.java:1773) ~[na:na]
	at java.base/java.util.concurrent.ThreadPoolExecutor.runWorker(ThreadPoolExecutor.java:1144) ~[na:na]
	at java.base/java.util.concurrent.ThreadPoolExecutor$Worker.run(ThreadPoolExecutor.java:642) ~[na:na]
	... 1 common frames omitted
Caused by: java.nio.channels.ClosedChannelException: null
	at java.base/sun.nio.ch.SocketChannelImpl.ensureOpen(SocketChannelImpl.java:202) ~[na:na]
	at java.base/sun.nio.ch.SocketChannelImpl.beginConnect(SocketChannelImpl.java:786) ~[na:na]
	at java.base/sun.nio.ch.SocketChannelImpl.connect(SocketChannelImpl.java:874) ~[na:na]
	at java.net.http/jdk.internal.net.http.PlainHttpConnection.lambda$connectAsync$1(PlainHttpConnection.java:210) ~[java.net.http:na]
	at java.base/java.security.AccessController.doPrivileged(AccessController.java:571) ~[na:na]
	at java.net.http/jdk.internal.net.http.PlainHttpConnection.connectAsync(PlainHttpConnection.java:212) ~[java.net.http:na]
	... 9 common frames omitted

2025-08-16T19:16:35.723+05:30  INFO 5180 --- [PaymentService] [http-nio-9990-exec-1] [68a08bbb948851cfbc885362502c3cf9-bc885362502c3cf9] com.wipro.aop.Resaop                     :  [AOP] Method is implementing
2025-08-16T19:16:36.368+05:30  WARN 5180 --- [PaymentService] [http-nio-9990-exec-1] [68a08bbb948851cfbc885362502c3cf9-bc885362502c3cf9] ration$PageModule$WarningLoggingModifier : Serializing PageImpl instances as-is is not supported, meaning that there is no guarantee about the stability of the resulting JSON structure!
	For a stable JSON structure, please use Spring Data's PagedModel (globally via @EnableSpringDataWebSupport(pageSerializationMode = VIA_DTO))
	or Spring HATEOAS and Spring Data's PagedResourcesAssembler as documented in https://docs.spring.io/spring-data/commons/reference/repositories/core-extensions.html#core.web.pageables.

2025-08-16T19:17:19.126+05:30  INFO 5180 --- [PaymentService] [RMI TCP Connection(15)-127.0.0.1] [                                                 ] inMXBeanRegistrar$SpringApplicationAdmin : Application shutdown requested.
2025-08-16T19:17:19.134+05:30  INFO 5180 --- [PaymentService] [RMI TCP Connection(15)-127.0.0.1] [                                                 ] o.s.c.n.e.s.EurekaServiceRegistry        : Unregistering application PAYMENTSERVICE with eureka with status DOWN
2025-08-16T19:17:19.135+05:30  INFO 5180 --- [PaymentService] [RMI TCP Connection(15)-127.0.0.1] [                                                 ] com.netflix.discovery.DiscoveryClient    : Saw local status change event StatusChangeEvent [timestamp=1755352039135, current=DOWN, previous=UP]
2025-08-16T19:17:19.136+05:30  INFO 5180 --- [PaymentService] [DiscoveryClient-InstanceInfoReplicator-%d] [                                                 ] com.netflix.discovery.DiscoveryClient    : DiscoveryClient_PAYMENTSERVICE/192.168.204.1:PaymentService:9990: registering service...
2025-08-16T19:17:19.148+05:30  INFO 5180 --- [PaymentService] [RMI TCP Connection(15)-127.0.0.1] [                                                 ] o.s.b.w.e.tomcat.GracefulShutdown        : Commencing graceful shutdown. Waiting for active requests to complete
2025-08-16T19:17:19.167+05:30  INFO 5180 --- [PaymentService] [DiscoveryClient-InstanceInfoReplicator-%d] [                                                 ] com.netflix.discovery.DiscoveryClient    : DiscoveryClient_PAYMENTSERVICE/192.168.204.1:PaymentService:9990 - registration status: 204
2025-08-16T19:17:19.195+05:30  INFO 5180 --- [PaymentService] [tomcat-shutdown] [                                                 ] o.s.b.w.e.tomcat.GracefulShutdown        : Graceful shutdown complete
2025-08-16T19:17:19.237+05:30  INFO 5180 --- [PaymentService] [RMI TCP Connection(15)-127.0.0.1] [                                                 ] j.LocalContainerEntityManagerFactoryBean : Closing JPA EntityManagerFactory for persistence unit 'default'
2025-08-16T19:17:19.252+05:30  INFO 5180 --- [PaymentService] [RMI TCP Connection(15)-127.0.0.1] [                                                 ] com.zaxxer.hikari.HikariDataSource       : HikariPool-1 - Shutdown initiated...
2025-08-16T19:17:19.290+05:30  INFO 5180 --- [PaymentService] [RMI TCP Connection(15)-127.0.0.1] [                                                 ] com.zaxxer.hikari.HikariDataSource       : HikariPool-1 - Shutdown completed.
2025-08-16T19:17:19.632+05:30  INFO 5180 --- [PaymentService] [RMI TCP Connection(15)-127.0.0.1] [                                                 ] com.netflix.discovery.DiscoveryClient    : Shutting down DiscoveryClient ...
2025-08-16T19:17:22.647+05:30  INFO 5180 --- [PaymentService] [RMI TCP Connection(15)-127.0.0.1] [                                                 ] com.netflix.discovery.DiscoveryClient    : Unregistering ...
2025-08-16T19:17:22.669+05:30  INFO 5180 --- [PaymentService] [RMI TCP Connection(15)-127.0.0.1] [                                                 ] com.netflix.discovery.DiscoveryClient    : DiscoveryClient_PAYMENTSERVICE/192.168.204.1:PaymentService:9990 - deregister  status: 200
2025-08-16T19:17:22.671+05:30  INFO 5180 --- [PaymentService] [RMI TCP Connection(15)-127.0.0.1] [                                                 ] com.netflix.discovery.DiscoveryClient    : Completed shut down of DiscoveryClient
